<?xml version="1.0" encoding="UTF-8"?>
<!-- Generated by org.testng.reporters.JUnitXMLReporter -->
<testsuite hostname="AUTOMATIONTEST" failures="0" tests="11" name="Default test" time="4524.91" errors="0" timestamp="29 Dec 2025 08:02:32 GMT">
  <testcase classname="testRunner.RunnerTestManageClaims" name="runScenario" time="311.371"/>
  <testcase classname="testRunner.RunnerTestManageClaims" name="runScenario" time="289.268"/>
  <testcase classname="testRunner.RunnerTestManageClaims" name="runScenario" time="290.454"/>
  <testcase classname="testRunner.RunnerTestManageClaims" name="runScenario" time="290.297"/>
  <testcase classname="testRunner.RunnerTestManageClaims" name="runScenario" time="886.811"/>
  <testcase classname="testRunner.RunnerTestManageClaims" name="runScenario" time="350.577"/>
  <testcase classname="testRunner.RunnerTestManageClaims" name="runScenario" time="291.079"/>
  <testcase classname="testRunner.RunnerTestManageClaims" name="runScenario" time="349.472"/>
  <testcase classname="testRunner.RunnerTestManageClaims" name="runScenario" time="349.773"/>
  <testcase classname="testRunner.RunnerTestManageClaims" name="runScenario" time="290.366"/>
  <testcase classname="testRunner.RunnerTestManageClaims" name="runScenario" time="824.756"/>
</testsuite> <!-- Default test -->
