# JRE version: OpenJDK Runtime Environment Temurin-17.0.10+7 (17.0.10+7) (build 17.0.10+7)
# Java VM: OpenJDK 64-Bit Server VM Temurin-17.0.10+7 (17.0.10+7, mixed mode, tiered, compressed oops, compressed class ptrs, g1 gc, windows-amd64)
GC Precious Log:
 CPUs: 4 total, 4 available
 Memory: 8191M
 Large Page Support: Disabled
 NUMA Support: Disabled
 Compressed Oops: Enabled (32-bit)
 Heap Region Size: 1M
 Heap Min Capacity: 8M
 Heap Initial Capacity: 128M
 Heap Max Capacity: 2G
 Pre-touch: Disabled
 Parallel Workers: 4
 Concurrent Workers: 1
 Concurrent Refinement Workers: 4
 Periodic GC: Disabled
Heap:
 garbage-first heap   total 77824K, used 41247K [0x0000000080000000, 0x0000000100000000)
  region size 1024K, 16 young (16384K), 2 survivors (2048K)
 Metaspace       used 49011K, committed 49472K, reserved 1114112K
  class space    used 5359K, committed 5568K, reserved 1048576K
GC Heap History (20 events):
Event: 160.928 GC heap before
{Heap before GC invocations=16 (full 0):
 garbage-first heap   total 64512K, used 49290K [0x0000000080000000, 0x0000000100000000)
  region size 1024K, 24 young (24576K), 1 survivors (1024K)
 Metaspace       used 47173K, committed 47488K, reserved 1114112K
  class space    used 5290K, committed 5440K, reserved 1048576K
}
Event: 160.932 GC heap after
{Heap after GC invocations=17 (full 0):
 garbage-first heap   total 77824K, used 23385K [0x0000000080000000, 0x0000000100000000)
  region size 1024K, 2 young (2048K), 2 survivors (2048K)
 Metaspace       used 47173K, committed 47488K, reserved 1114112K
  class space    used 5290K, committed 5440K, reserved 1048576K
}
Event: 211.670 GC heap before
{Heap before GC invocations=17 (full 0):
 garbage-first heap   total 77824K, used 66393K [0x0000000080000000, 0x0000000100000000)
  region size 1024K, 33 young (33792K), 2 survivors (2048K)
 Metaspace       used 47499K, committed 47872K, reserved 1114112K
  class space    used 5298K, committed 5504K, reserved 1048576K
}
Event: 211.674 GC heap after
{Heap after GC invocations=18 (full 0):
 garbage-first heap   total 77824K, used 26606K [0x0000000080000000, 0x0000000100000000)
  region size 1024K, 2 young (2048K), 2 survivors (2048K)
 Metaspace       used 47499K, committed 47872K, reserved 1114112K
  class space    used 5298K, committed 5504K, reserved 1048576K
}
Event: 293.360 GC heap before
{Heap before GC invocations=18 (full 0):
 garbage-first heap   total 77824K, used 69614K [0x0000000080000000, 0x0000000100000000)
  region size 1024K, 37 young (37888K), 2 survivors (2048K)
 Metaspace       used 47807K, committed 48192K, reserved 1114112K
  class space    used 5300K, committed 5504K, reserved 1048576K
}
Event: 293.364 GC heap after
{Heap after GC invocations=19 (full 0):
 garbage-first heap   total 77824K, used 23075K [0x0000000080000000, 0x0000000100000000)
  region size 1024K, 2 young (2048K), 2 survivors (2048K)
 Metaspace       used 47807K, committed 48192K, reserved 1114112K
  class space    used 5300K, committed 5504K, reserved 1048576K
}
Event: 346.653 GC heap before
{Heap before GC invocations=19 (full 0):
 garbage-first heap   total 77824K, used 69155K [0x0000000080000000, 0x0000000100000000)
  region size 1024K, 35 young (35840K), 2 survivors (2048K)
 Metaspace       used 48404K, committed 48832K, reserved 1114112K
  class space    used 5329K, committed 5504K, reserved 1048576K
}
Event: 346.660 GC heap after
{Heap after GC invocations=20 (full 0):
 garbage-first heap   total 77824K, used 26344K [0x0000000080000000, 0x0000000100000000)
  region size 1024K, 2 young (2048K), 2 survivors (2048K)
 Metaspace       used 48404K, committed 48832K, reserved 1114112K
  class space    used 5329K, committed 5504K, reserved 1048576K
}
Event: 415.721 GC heap before
{Heap before GC invocations=20 (full 0):
 garbage-first heap   total 77824K, used 70376K [0x0000000080000000, 0x0000000100000000)
  region size 1024K, 38 young (38912K), 2 survivors (2048K)
 Metaspace       used 48531K, committed 48896K, reserved 1114112K
  class space    used 5333K, committed 5504K, reserved 1048576K
}
Event: 415.726 GC heap after
{Heap after GC invocations=21 (full 0):
 garbage-first heap   total 77824K, used 24246K [0x0000000080000000, 0x0000000100000000)
  region size 1024K, 3 young (3072K), 3 survivors (3072K)
 Metaspace       used 48531K, committed 48896K, reserved 1114112K
  class space    used 5333K, committed 5504K, reserved 1048576K
}
Event: 496.710 GC heap before
{Heap before GC invocations=21 (full 0):
 garbage-first heap   total 77824K, used 69302K [0x0000000080000000, 0x0000000100000000)
  region size 1024K, 41 young (41984K), 3 survivors (3072K)
 Metaspace       used 48665K, committed 49024K, reserved 1114112K
  class space    used 5334K, committed 5504K, reserved 1048576K
}
Event: 496.714 GC heap after
{Heap after GC invocations=22 (full 0):
 garbage-first heap   total 77824K, used 24443K [0x0000000080000000, 0x0000000100000000)
  region size 1024K, 3 young (3072K), 3 survivors (3072K)
 Metaspace       used 48665K, committed 49024K, reserved 1114112K
  class space    used 5334K, committed 5504K, reserved 1048576K
}
Event: 550.922 GC heap before
{Heap before GC invocations=22 (full 0):
 garbage-first heap   total 77824K, used 67451K [0x0000000080000000, 0x0000000100000000)
  region size 1024K, 34 young (34816K), 3 survivors (3072K)
 Metaspace       used 48722K, committed 49088K, reserved 1114112K
  class space    used 5334K, committed 5504K, reserved 1048576K
}
Event: 550.927 GC heap after
{Heap after GC invocations=23 (full 0):
 garbage-first heap   total 77824K, used 27366K [0x0000000080000000, 0x0000000100000000)
  region size 1024K, 3 young (3072K), 3 survivors (3072K)
 Metaspace       used 48722K, committed 49088K, reserved 1114112K
  class space    used 5334K, committed 5504K, reserved 1048576K
}
Event: 605.876 GC heap before
{Heap before GC invocations=23 (full 0):
 garbage-first heap   total 77824K, used 70374K [0x0000000080000000, 0x0000000100000000)
  region size 1024K, 38 young (38912K), 3 survivors (3072K)
 Metaspace       used 48778K, committed 49152K, reserved 1114112K
  class space    used 5336K, committed 5504K, reserved 1048576K
}
Event: 605.880 GC heap after
{Heap after GC invocations=24 (full 0):
 garbage-first heap   total 77824K, used 24278K [0x0000000080000000, 0x0000000100000000)
  region size 1024K, 3 young (3072K), 3 survivors (3072K)
 Metaspace       used 48778K, committed 49152K, reserved 1114112K
  class space    used 5336K, committed 5504K, reserved 1048576K
}
Event: 1587.155 GC heap before
{Heap before GC invocations=24 (full 0):
 garbage-first heap   total 77824K, used 69334K [0x0000000080000000, 0x0000000100000000)
  region size 1024K, 41 young (41984K), 3 survivors (3072K)
 Metaspace       used 48904K, committed 49216K, reserved 1114112K
  class space    used 5347K, committed 5504K, reserved 1048576K
}
Event: 1587.160 GC heap after
{Heap after GC invocations=25 (full 0):
 garbage-first heap   total 77824K, used 23773K [0x0000000080000000, 0x0000000100000000)
  region size 1024K, 2 young (2048K), 2 survivors (2048K)
 Metaspace       used 48904K, committed 49216K, reserved 1114112K
  class space    used 5347K, committed 5504K, reserved 1048576K
}
Event: 1621.247 GC heap before
{Heap before GC invocations=25 (full 0):
 garbage-first heap   total 77824K, used 64733K [0x0000000080000000, 0x0000000100000000)
  region size 1024K, 30 young (30720K), 2 survivors (2048K)
 Metaspace       used 48943K, committed 49344K, reserved 1114112K
  class space    used 5350K, committed 5504K, reserved 1048576K
}
Event: 1621.252 GC heap after
{Heap after GC invocations=26 (full 0):
 garbage-first heap   total 77824K, used 26911K [0x0000000080000000, 0x0000000100000000)
  region size 1024K, 2 young (2048K), 2 survivors (2048K)
 Metaspace       used 48943K, committed 49344K, reserved 1114112K
  class space    used 5350K, committed 5504K, reserved 1048576K
}

