<?xml version="1.0" encoding="UTF-8"?>
<!-- Generated by org.testng.reporters.JUnitReportReporter -->
<testsuite hostname="AUTOMATIONTEST" failures="0" tests="2" name="testRunner.RunnerTestSetupProductLimitsClauses" time="206.054" errors="0" timestamp="10 Aug 2026 11:07:34 GMT">
  <testcase classname="testRunner.RunnerTestSetupProductLimitsClauses" name="runScenario" time="108.929"/>
  <testcase classname="testRunner.RunnerTestSetupProductLimitsClauses" name="runScenario" time="97.125"/>
</testsuite> <!-- testRunner.RunnerTestSetupProductLimitsClauses -->
