<?xml version="1.0" encoding="UTF-8"?>
<!-- Generated by org.testng.reporters.JUnitReportReporter -->
<testsuite hostname="AUTOMATIONTEST" failures="0" tests="11" name="testRunner.RunnerTestEndorsementApproval" time="1895.846" errors="0" timestamp="26 Mar 2026 13:25:14 GMT">
  <testcase classname="testRunner.RunnerTestEndorsementApproval" name="runScenario" time="336.713"/>
  <testcase classname="testRunner.RunnerTestEndorsementApproval" name="runScenario" time="39.606"/>
  <testcase classname="testRunner.RunnerTestEndorsementApproval" name="runScenario" time="36.166"/>
  <testcase classname="testRunner.RunnerTestEndorsementApproval" name="runScenario" time="37.146"/>
  <testcase classname="testRunner.RunnerTestEndorsementApproval" name="runScenario" time="415.299"/>
  <testcase classname="testRunner.RunnerTestEndorsementApproval" name="runScenario" time="213.013"/>
  <testcase classname="testRunner.RunnerTestEndorsementApproval" name="runScenario" time="37.218"/>
  <testcase classname="testRunner.RunnerTestEndorsementApproval" name="runScenario" time="39.223"/>
  <testcase classname="testRunner.RunnerTestEndorsementApproval" name="runScenario" time="365.077"/>
  <testcase classname="testRunner.RunnerTestEndorsementApproval" name="runScenario" time="336.671"/>
  <testcase classname="testRunner.RunnerTestEndorsementApproval" name="runScenario" time="39.714"/>
</testsuite> <!-- testRunner.RunnerTestEndorsementApproval -->
