<?xml version="1.0" encoding="UTF-8"?>
<!-- Generated by org.testng.reporters.JUnitReportReporter -->
<testsuite hostname="AUTOMATIONTEST" failures="0" tests="57" name="testRunner.RunnerTestReports" time="2399.972" errors="1" timestamp="5 Aug 2026 09:04:33 GMT">
  <testcase classname="testRunner.RunnerTestReports" name="runScenario" time="43.477"/>
  <testcase classname="testRunner.RunnerTestReports" name="runScenario" time="42.606"/>
  <testcase classname="testRunner.RunnerTestReports" name="runScenario" time="67.083"/>
  <testcase classname="testRunner.RunnerTestReports" name="runScenario" time="27.858"/>
  <testcase classname="testRunner.RunnerTestReports" name="runScenario" time="41.995"/>
  <testcase classname="testRunner.RunnerTestReports" name="runScenario" time="38.154"/>
  <testcase classname="testRunner.RunnerTestReports" name="runScenario" time="27.278"/>
  <testcase classname="testRunner.RunnerTestReports" name="runScenario" time="45.727"/>
  <testcase classname="testRunner.RunnerTestReports" name="runScenario" time="27.679"/>
  <testcase classname="testRunner.RunnerTestReports" name="runScenario" time="43.438"/>
  <testcase classname="testRunner.RunnerTestReports" name="runScenario" time="40.358"/>
  <testcase classname="testRunner.RunnerTestReports" name="runScenario" time="41.638"/>
  <testcase classname="testRunner.RunnerTestReports" name="runScenario" time="42.647"/>
  <testcase classname="testRunner.RunnerTestReports" name="runScenario" time="43.204"/>
  <testcase classname="testRunner.RunnerTestReports" name="runScenario" time="43.888"/>
  <testcase classname="testRunner.RunnerTestReports" name="runScenario" time="43.564"/>
  <testcase classname="testRunner.RunnerTestReports" name="runScenario" time="41.430"/>
  <testcase classname="testRunner.RunnerTestReports" name="runScenario" time="43.677"/>
  <testcase classname="testRunner.RunnerTestReports" name="runScenario" time="43.253"/>
  <testcase classname="testRunner.RunnerTestReports" name="runScenario" time="43.093"/>
  <testcase classname="testRunner.RunnerTestReports" name="runScenario" time="40.689"/>
  <testcase classname="testRunner.RunnerTestReports" name="runScenario" time="40.813"/>
  <testcase classname="testRunner.RunnerTestReports" name="runScenario" time="40.700"/>
  <testcase classname="testRunner.RunnerTestReports" name="runScenario" time="41.216"/>
  <testcase classname="testRunner.RunnerTestReports" name="runScenario" time="33.267"/>
  <testcase classname="testRunner.RunnerTestReports" name="runScenario" time="43.458"/>
  <testcase classname="testRunner.RunnerTestReports" name="runScenario" time="42.820"/>
  <testcase classname="testRunner.RunnerTestReports" name="runScenario" time="62.988"/>
  <testcase classname="testRunner.RunnerTestReports" name="runScenario" time="39.196"/>
  <testcase classname="testRunner.RunnerTestReports" name="runScenario" time="33.749"/>
  <testcase classname="testRunner.RunnerTestReports" name="runScenario" time="43.992"/>
  <testcase classname="testRunner.RunnerTestReports" name="runScenario" time="45.239"/>
  <testcase classname="testRunner.RunnerTestReports" name="runScenario" time="47.020"/>
  <testcase classname="testRunner.RunnerTestReports" name="runScenario" time="41.276"/>
  <testcase classname="testRunner.RunnerTestReports" name="runScenario" time="40.946"/>
  <testcase classname="testRunner.RunnerTestReports" name="runScenario" time="40.994"/>
  <testcase classname="testRunner.RunnerTestReports" name="runScenario" time="52.071"/>
  <testcase classname="testRunner.RunnerTestReports" name="runScenario" time="44.036"/>
  <testcase classname="testRunner.RunnerTestReports" name="runScenario" time="43.874"/>
  <testcase classname="testRunner.RunnerTestReports" name="runScenario" time="38.663"/>
  <testcase classname="testRunner.RunnerTestReports" name="runScenario" time="44.962"/>
  <testcase classname="testRunner.RunnerTestReports" name="runScenario" time="62.915"/>
  <testcase classname="testRunner.RunnerTestReports" name="runScenario" time="44.248"/>
  <testcase classname="testRunner.RunnerTestReports" name="runScenario" time="38.967"/>
  <testcase classname="testRunner.RunnerTestReports" name="runScenario" time="43.299"/>
  <testcase classname="testRunner.RunnerTestReports" name="runScenario" time="45.826"/>
  <testcase classname="testRunner.RunnerTestReports" name="runScenario" time="31.229"/>
  <testcase classname="testRunner.RunnerTestReports" name="runScenario" time="42.425"/>
  <testcase classname="testRunner.RunnerTestReports" name="runScenario" time="40.983"/>
  <testcase classname="testRunner.RunnerTestReports" name="runScenario" time="40.759"/>
  <testcase classname="testRunner.RunnerTestReports" name="runScenario" time="40.187"/>
  <testcase classname="testRunner.RunnerTestReports" name="runScenario" time="38.567"/>
  <testcase classname="testRunner.RunnerTestReports" name="runScenario" time="43.204"/>
  <testcase classname="testRunner.RunnerTestReports" name="runScenario" time="26.591"/>
  <testcase classname="testRunner.RunnerTestReports" name="runScenario" time="47.479"/>
  <testcase classname="testRunner.RunnerTestReports" name="runScenario" time="45.854"/>
  <testcase classname="testRunner.RunnerTestReports" name="runScenario" time="33.423">
    <error message="The step &#039;user able to view &quot;Monthly Performance Report by Class&quot; in pdf format&#039; is undefined.
You can implement this step using the snippet(s) below:

@Then(&quot;user able to view {string} in pdf format&quot;)
public void user_able_to_view_in_pdf_format(String string) {
    // Write code here that turns the phrase above into concrete actions
    throw new io.cucumber.java.PendingException();
}
" type="io.cucumber.testng.UndefinedStepException">
      <![CDATA[io.cucumber.testng.UndefinedStepException: The step 'user able to view "Monthly Performance Report by Class" in pdf format' is undefined.
You can implement this step using the snippet(s) below:

@Then("user able to view {string} in pdf format")
public void user_able_to_view_in_pdf_format(String string) {
    // Write code here that turns the phrase above into concrete actions
    throw new io.cucumber.java.PendingException();
}

	at io.cucumber.core.runtime.TestCaseResultObserver.assertTestCasePassed(TestCaseResultObserver.java:69)
	at io.cucumber.testng.TestCaseResultObserver.assertTestCasePassed(TestCaseResultObserver.java:23)
	at io.cucumber.testng.TestNGCucumberRunner.lambda$runScenario$1(TestNGCucumberRunner.java:133)
	at io.cucumber.core.runtime.CucumberExecutionContext.lambda$runTestCase$5(CucumberExecutionContext.java:129)
	at io.cucumber.core.runtime.RethrowingThrowableCollector.executeAndThrow(RethrowingThrowableCollector.java:23)
	at io.cucumber.core.runtime.CucumberExecutionContext.runTestCase(CucumberExecutionContext.java:129)
	at io.cucumber.testng.TestNGCucumberRunner.runScenario(TestNGCucumberRunner.java:129)
	at io.cucumber.testng.AbstractTestNGCucumberTests.runScenario(AbstractTestNGCucumberTests.java:35)
	at java.base/jdk.internal.reflect.NativeMethodAccessorImpl.invoke0(Native Method)
	at java.base/jdk.internal.reflect.NativeMethodAccessorImpl.invoke(NativeMethodAccessorImpl.java:77)
	at java.base/jdk.internal.reflect.DelegatingMethodAccessorImpl.invoke(DelegatingMethodAccessorImpl.java:43)
	at java.base/java.lang.reflect.Method.invoke(Method.java:568)
	at org.testng.internal.MethodInvocationHelper.invokeMethod(MethodInvocationHelper.java:85)
	at org.testng.internal.Invoker.invokeMethod(Invoker.java:639)
	at org.testng.internal.Invoker.invokeTestMethod(Invoker.java:816)
	at org.testng.internal.TestMethodWithDataProviderMethodWorker.call(TestMethodWithDataProviderMethodWorker.java:75)
	at org.testng.internal.TestMethodWithDataProviderMethodWorker.call(TestMethodWithDataProviderMethodWorker.java:14)
	at java.base/java.util.concurrent.FutureTask.run(FutureTask.java:264)
	at java.base/java.util.concurrent.Executors$RunnableAdapter.call(Executors.java:539)
	at java.base/java.util.concurrent.FutureTask.run(FutureTask.java:264)
	at java.base/java.util.concurrent.ThreadPoolExecutor.runWorker(ThreadPoolExecutor.java:1136)
	at java.base/java.util.concurrent.ThreadPoolExecutor$Worker.run(ThreadPoolExecutor.java:635)
	at java.base/java.lang.Thread.run(Thread.java:840)
]]>
    </error>
  </testcase> <!-- runScenario -->
</testsuite> <!-- testRunner.RunnerTestReports -->
