<?xml version="1.0" encoding="UTF-8"?>
<!-- Generated by org.testng.reporters.JUnitReportReporter -->
<testsuite hostname="AUTOMATIONTEST" failures="0" tests="2" name="testRunner.RunnerTestSetupClauses" time="59.824" errors="0" timestamp="10 Aug 2026 11:03:50 GMT">
  <testcase classname="testRunner.RunnerTestSetupClauses" name="runScenario" time="34.034"/>
  <testcase classname="testRunner.RunnerTestSetupClauses" name="runScenario" time="25.790"/>
</testsuite> <!-- testRunner.RunnerTestSetupClauses -->
