<?xml version="1.0" encoding="UTF-8"?>
<!-- Generated by org.testng.reporters.JUnitReportReporter -->
<testsuite hostname="AUTOMATIONTEST" failures="0" tests="43" name="testRunner.RunnerTestReports" time="2225.012" errors="1" timestamp="23 Dec 2025 10:05:48 GMT">
  <testcase classname="testRunner.RunnerTestReports" name="runScenario" time="53.106"/>
  <testcase classname="testRunner.RunnerTestReports" name="runScenario" time="52.776"/>
  <testcase classname="testRunner.RunnerTestReports" name="runScenario" time="52.422"/>
  <testcase classname="testRunner.RunnerTestReports" name="runScenario" time="52.725"/>
  <testcase classname="testRunner.RunnerTestReports" name="runScenario" time="51.552"/>
  <testcase classname="testRunner.RunnerTestReports" name="runScenario" time="53.667"/>
  <testcase classname="testRunner.RunnerTestReports" name="runScenario" time="53.528"/>
  <testcase classname="testRunner.RunnerTestReports" name="runScenario" time="53.811"/>
  <testcase classname="testRunner.RunnerTestReports" name="runScenario" time="51.080"/>
  <testcase classname="testRunner.RunnerTestReports" name="runScenario" time="42.878"/>
  <testcase classname="testRunner.RunnerTestReports" name="runScenario" time="53.661"/>
  <testcase classname="testRunner.RunnerTestReports" name="runScenario" time="53.303"/>
  <testcase classname="testRunner.RunnerTestReports" name="runScenario" time="51.362"/>
  <testcase classname="testRunner.RunnerTestReports" name="runScenario" time="51.122"/>
  <testcase classname="testRunner.RunnerTestReports" name="runScenario" time="49.291"/>
  <testcase classname="testRunner.RunnerTestReports" name="runScenario" time="53.179"/>
  <testcase classname="testRunner.RunnerTestReports" name="runScenario" time="50.066"/>
  <testcase classname="testRunner.RunnerTestReports" name="runScenario" time="43.620"/>
  <testcase classname="testRunner.RunnerTestReports" name="runScenario" time="53.048"/>
  <testcase classname="testRunner.RunnerTestReports" name="runScenario" time="54.344"/>
  <testcase classname="testRunner.RunnerTestReports" name="runScenario" time="50.363"/>
  <testcase classname="testRunner.RunnerTestReports" name="runScenario" time="52.702"/>
  <testcase classname="testRunner.RunnerTestReports" name="runScenario" time="44.510">
    <error message="The step &#039;user able to view &quot;Monthly Performance Report by Class&quot; in pdf format&#039; is undefined.
You can implement this step using the snippet(s) below:

@Then(&quot;user able to view {string} in pdf format&quot;)
public void user_able_to_view_in_pdf_format(String string) {
    // Write code here that turns the phrase above into concrete actions
    throw new io.cucumber.java.PendingException();
}
" type="io.cucumber.testng.UndefinedStepException">
      <![CDATA[io.cucumber.testng.UndefinedStepException: The step 'user able to view "Monthly Performance Report by Class" in pdf format' is undefined.
You can implement this step using the snippet(s) below:

@Then("user able to view {string} in pdf format")
public void user_able_to_view_in_pdf_format(String string) {
    // Write code here that turns the phrase above into concrete actions
    throw new io.cucumber.java.PendingException();
}

	at io.cucumber.core.runtime.TestCaseResultObserver.assertTestCasePassed(TestCaseResultObserver.java:69)
	at io.cucumber.testng.TestCaseResultObserver.assertTestCasePassed(TestCaseResultObserver.java:23)
	at io.cucumber.testng.TestNGCucumberRunner.lambda$runScenario$1(TestNGCucumberRunner.java:133)
	at io.cucumber.core.runtime.CucumberExecutionContext.lambda$runTestCase$5(CucumberExecutionContext.java:129)
	at io.cucumber.core.runtime.RethrowingThrowableCollector.executeAndThrow(RethrowingThrowableCollector.java:23)
	at io.cucumber.core.runtime.CucumberExecutionContext.runTestCase(CucumberExecutionContext.java:129)
	at io.cucumber.testng.TestNGCucumberRunner.runScenario(TestNGCucumberRunner.java:129)
	at io.cucumber.testng.AbstractTestNGCucumberTests.runScenario(AbstractTestNGCucumberTests.java:35)
	at java.base/jdk.internal.reflect.NativeMethodAccessorImpl.invoke0(Native Method)
	at java.base/jdk.internal.reflect.NativeMethodAccessorImpl.invoke(NativeMethodAccessorImpl.java:77)
	at java.base/jdk.internal.reflect.DelegatingMethodAccessorImpl.invoke(DelegatingMethodAccessorImpl.java:43)
	at java.base/java.lang.reflect.Method.invoke(Method.java:568)
	at org.testng.internal.MethodInvocationHelper.invokeMethod(MethodInvocationHelper.java:85)
	at org.testng.internal.Invoker.invokeMethod(Invoker.java:639)
	at org.testng.internal.Invoker.invokeTestMethod(Invoker.java:816)
	at org.testng.internal.Invoker.invokeTestMethods(Invoker.java:1124)
	at org.testng.internal.TestMethodWorker.invokeTestMethods(TestMethodWorker.java:125)
	at org.testng.internal.TestMethodWorker.run(TestMethodWorker.java:108)
	at org.testng.TestRunner.privateRun(TestRunner.java:774)
	at org.testng.TestRunner.run(TestRunner.java:624)
	at org.testng.SuiteRunner.runTest(SuiteRunner.java:359)
	at org.testng.SuiteRunner.runSequentially(SuiteRunner.java:354)
	at org.testng.SuiteRunner.privateRun(SuiteRunner.java:312)
	at org.testng.SuiteRunner.run(SuiteRunner.java:261)
	at org.testng.SuiteRunnerWorker.runSuite(SuiteRunnerWorker.java:52)
	at org.testng.SuiteRunnerWorker.run(SuiteRunnerWorker.java:86)
	at org.testng.TestNG.runSuitesSequentially(TestNG.java:1191)
	at org.testng.TestNG.runSuitesLocally(TestNG.java:1116)
	at org.testng.TestNG.run(TestNG.java:1024)
	at org.testng.remote.AbstractRemoteTestNG.run(AbstractRemoteTestNG.java:115)
	at org.testng.remote.RemoteTestNG.initAndRun(RemoteTestNG.java:251)
	at org.testng.remote.RemoteTestNG.main(RemoteTestNG.java:77)
]]>
    </error>
  </testcase> <!-- runScenario -->
  <testcase classname="testRunner.RunnerTestReports" name="runScenario" time="52.706"/>
  <testcase classname="testRunner.RunnerTestReports" name="runScenario" time="51.927"/>
  <testcase classname="testRunner.RunnerTestReports" name="runScenario" time="50.642"/>
  <testcase classname="testRunner.RunnerTestReports" name="runScenario" time="48.183"/>
  <testcase classname="testRunner.RunnerTestReports" name="runScenario" time="54.053"/>
  <testcase classname="testRunner.RunnerTestReports" name="runScenario" time="56.001"/>
  <testcase classname="testRunner.RunnerTestReports" name="runScenario" time="52.398"/>
  <testcase classname="testRunner.RunnerTestReports" name="runScenario" time="53.735"/>
  <testcase classname="testRunner.RunnerTestReports" name="runScenario" time="50.001"/>
  <testcase classname="testRunner.RunnerTestReports" name="runScenario" time="52.978"/>
  <testcase classname="testRunner.RunnerTestReports" name="runScenario" time="52.500"/>
  <testcase classname="testRunner.RunnerTestReports" name="runScenario" time="52.754"/>
  <testcase classname="testRunner.RunnerTestReports" name="runScenario" time="49.187"/>
  <testcase classname="testRunner.RunnerTestReports" name="runScenario" time="53.726"/>
  <testcase classname="testRunner.RunnerTestReports" name="runScenario" time="54.063"/>
  <testcase classname="testRunner.RunnerTestReports" name="runScenario" time="57.813"/>
  <testcase classname="testRunner.RunnerTestReports" name="runScenario" time="51.463"/>
  <testcase classname="testRunner.RunnerTestReports" name="runScenario" time="48.694"/>
  <testcase classname="testRunner.RunnerTestReports" name="runScenario" time="50.967"/>
  <testcase classname="testRunner.RunnerTestReports" name="runScenario" time="53.105"/>
</testsuite> <!-- testRunner.RunnerTestReports -->
