<?xml version="1.0" encoding="UTF-8"?>
<!-- Generated by org.testng.reporters.JUnitReportReporter -->
<testsuite hostname="AUTOMATIONTEST" failures="0" tests="5" name="testRunner.TreatyMasterRunner" time="422.693" errors="0" timestamp="11 May 2026 07:20:39 GMT">
  <testcase classname="testRunner.TreatyMasterRunner" name="runScenario" time="64.989"/>
  <testcase classname="testRunner.TreatyMasterRunner" name="runScenario" time="20.746"/>
  <testcase classname="testRunner.TreatyMasterRunner" name="runScenario" time="67.730"/>
  <testcase classname="testRunner.TreatyMasterRunner" name="runScenario" time="244.750"/>
  <testcase classname="testRunner.TreatyMasterRunner" name="runScenario" time="24.478"/>
</testsuite> <!-- testRunner.TreatyMasterRunner -->
