<?xml version="1.0" encoding="UTF-8"?>
<!-- Generated by org.testng.reporters.JUnitReportReporter -->
<testsuite hostname="AUTOMATIONTEST" failures="0" tests="5" name="testRunner.RunnerTestManageBids" time="225.348" errors="0" timestamp="23 Mar 2026 14:26:50 GMT">
  <testcase classname="testRunner.RunnerTestManageBids" name="runScenario" time="36.701"/>
  <testcase classname="testRunner.RunnerTestManageBids" name="runScenario" time="45.734"/>
  <testcase classname="testRunner.RunnerTestManageBids" name="runScenario" time="18.792"/>
  <testcase classname="testRunner.RunnerTestManageBids" name="runScenario" time="79.329"/>
  <testcase classname="testRunner.RunnerTestManageBids" name="runScenario" time="44.792"/>
</testsuite> <!-- testRunner.RunnerTestManageBids -->
