<?xml version="1.0" encoding="UTF-8"?>
<!-- Generated by org.testng.reporters.JUnitReportReporter -->
<testsuite hostname="AUTOMATIONTEST" failures="0" tests="11" name="testRunner.RunnerTestNonCompliance" time="492.963" errors="0" timestamp="9 Sep 2025 09:13:29 GMT">
  <testcase classname="testRunner.RunnerTestNonCompliance" name="runScenario" time="39.701"/>
  <testcase classname="testRunner.RunnerTestNonCompliance" name="runScenario" time="41.969"/>
  <testcase classname="testRunner.RunnerTestNonCompliance" name="runScenario" time="45.678"/>
  <testcase classname="testRunner.RunnerTestNonCompliance" name="runScenario" time="45.938"/>
  <testcase classname="testRunner.RunnerTestNonCompliance" name="runScenario" time="47.747"/>
  <testcase classname="testRunner.RunnerTestNonCompliance" name="runScenario" time="45.295"/>
  <testcase classname="testRunner.RunnerTestNonCompliance" name="runScenario" time="41.137"/>
  <testcase classname="testRunner.RunnerTestNonCompliance" name="runScenario" time="42.773"/>
  <testcase classname="testRunner.RunnerTestNonCompliance" name="runScenario" time="49.261"/>
  <testcase classname="testRunner.RunnerTestNonCompliance" name="runScenario" time="48.992"/>
  <testcase classname="testRunner.RunnerTestNonCompliance" name="runScenario" time="44.472"/>
</testsuite> <!-- testRunner.RunnerTestNonCompliance -->
