<?xml version="1.0" encoding="UTF-8"?>
<!-- Generated by org.testng.reporters.JUnitReportReporter -->
<testsuite hostname="AUTOMATIONTEST" failures="0" tests="3" name="testRunner.RunnerTestNonDigitalReceipt" time="73.716" errors="0" timestamp="27 Mar 2026 11:30:57 GMT">
  <testcase classname="testRunner.RunnerTestNonDigitalReceipt" name="runScenario" time="22.961"/>
  <testcase classname="testRunner.RunnerTestNonDigitalReceipt" name="runScenario" time="18.765"/>
  <testcase classname="testRunner.RunnerTestNonDigitalReceipt" name="runScenario" time="31.990"/>
</testsuite> <!-- testRunner.RunnerTestNonDigitalReceipt -->
