<?xml version="1.0" encoding="UTF-8"?>
<!-- Generated by org.testng.reporters.JUnitReportReporter -->
<testsuite hostname="AUTOMATIONTEST" failures="0" tests="2" name="testRunner.RunnerTestRenewPolicy" time="102.563" errors="0" timestamp="23 Mar 2026 11:49:45 GMT">
  <testcase classname="testRunner.RunnerTestRenewPolicy" name="runScenario" time="82.105"/>
  <testcase classname="testRunner.RunnerTestRenewPolicy" name="runScenario" time="20.458"/>
</testsuite> <!-- testRunner.RunnerTestRenewPolicy -->
