<?xml version="1.0" encoding="UTF-8"?>
<!-- Generated by org.testng.reporters.JUnitReportReporter -->
<testsuite hostname="AUTOMATIONTEST" failures="0" tests="2" name="testRunner.RunnerTestBlackListCustomers" time="75.461" errors="0" timestamp="25 Apr 2025 09:20:44 GMT">
  <testcase classname="testRunner.RunnerTestBlackListCustomers" name="runScenario" time="37.928"/>
  <testcase classname="testRunner.RunnerTestBlackListCustomers" name="runScenario" time="37.533"/>
</testsuite> <!-- testRunner.RunnerTestBlackListCustomers -->
