<?xml version="1.0" encoding="UTF-8"?>
<!-- Generated by org.testng.reporters.JUnitReportReporter -->
<testsuite hostname="AUTOMATIONTEST" failures="0" tests="7" name="testRunner.RunnerTestPasswordChange" time="337.540" errors="0" timestamp="10 Aug 2026 08:15:02 GMT">
  <testcase classname="testRunner.RunnerTestPasswordChange" name="runScenario" time="21.391"/>
  <testcase classname="testRunner.RunnerTestPasswordChange" name="runScenario" time="21.397"/>
  <testcase classname="testRunner.RunnerTestPasswordChange" name="runScenario" time="203.994"/>
  <testcase classname="testRunner.RunnerTestPasswordChange" name="runScenario" time="21.768"/>
  <testcase classname="testRunner.RunnerTestPasswordChange" name="runScenario" time="24.090"/>
  <testcase classname="testRunner.RunnerTestPasswordChange" name="runScenario" time="23.429"/>
  <testcase classname="testRunner.RunnerTestPasswordChange" name="runScenario" time="21.471"/>
</testsuite> <!-- testRunner.RunnerTestPasswordChange -->
